<?xml version="1.0" encoding="UTF-8" ?>
<testsuite tests="4" failures="0" name="TestSuite" time="4.995" errors="0" skipped="0">
  <properties>
    <property name="java.runtime.name" value="Java(TM) SE Runtime Environment"/>
    <property name="sun.boot.library.path" value="C:\Program Files\Java\jdk1.8.0_161\jre\bin"/>
    <property name="java.vm.version" value="25.161-b12"/>
    <property name="java.vm.vendor" value="Oracle Corporation"/>
    <property name="java.vendor.url" value="http://java.oracle.com/"/>
    <property name="path.separator" value=";"/>
    <property name="java.vm.name" value="Java HotSpot(TM) 64-Bit Server VM"/>
    <property name="file.encoding.pkg" value="sun.io"/>
    <property name="user.script" value=""/>
    <property name="user.country" value="CN"/>
    <property name="sun.java.launcher" value="SUN_STANDARD"/>
    <property name="sun.os.patch.level" value=""/>
    <property name="java.vm.specification.name" value="Java Virtual Machine Specification"/>
    <property name="user.dir" value="C:\Users\YH\IdeaProjects\lm_test"/>
    <property name="java.runtime.version" value="1.8.0_161-b12"/>
    <property name="java.awt.graphicsenv" value="sun.awt.Win32GraphicsEnvironment"/>
    <property name="basedir" value="C:\Users\YH\IdeaProjects\lm_test"/>
    <property name="java.endorsed.dirs" value="C:\Program Files\Java\jdk1.8.0_161\jre\lib\endorsed"/>
    <property name="os.arch" value="amd64"/>
    <property name="surefire.real.class.path" value="C:\Users\YH\IdeaProjects\lm_test\target\surefire\surefirebooter843716177164986751.jar"/>
    <property name="java.io.tmpdir" value="C:\Users\YH\AppData\Local\Temp\"/>
    <property name="line.separator" value="
"/>
    <property name="java.vm.specification.vendor" value="Oracle Corporation"/>
    <property name="user.variant" value=""/>
    <property name="os.name" value="Windows 10"/>
    <property name="sun.jnu.encoding" value="GBK"/>
    <property name="java.library.path" value="C:\Program Files\Java\jdk1.8.0_161\jre\bin;C:\Windows\Sun\Java\bin;C:\Windows\system32;C:\Windows;C:\ProgramData\Oracle\Java\javapath;C:\Program Files (x86)\NetSarang\Xshell 6\;C:\Oracle\ora90\bin;C:\Windows\system32;C:\Windows;C:\Windows\System32\Wbem;C:\Windows\System32\WindowsPowerShell\v1.0\;C:\Windows\System32\OpenSSH\;C:\Program Files (x86)\Intel\Intel(R) Management Engine Components\DAL;C:\Program Files\Intel\Intel(R) Management Engine Components\DAL;C:\Program Files\Intel\WiFi\bin\;C:\Program Files\Common Files\Intel\WirelessCommon\;C:\Program Files (x86)\IBM\Informix\Client-SDK\bin;C:\Program Files\OpenVPN\bin;C:\Program Files\Java\jdk1.8.0_161\bin;C:\Program Files\Java\jre1.8.0_161\bin;D:\maven\apache-maven-3.6.1\bin;D:\nodejs\;D:\nodejs\node_global;C:\Program Files\Git\cmd;C:\Users\YH\AppData\Local\Microsoft\WindowsApps;C:\Users\YH\AppData\Local\Programs\Fiddler;C:\Users\YH\AppData\Local\BypassRuntm;C:\Users\YH\AppData\Roaming\npm;."/>
    <property name="surefire.test.class.path" value="C:\Users\YH\IdeaProjects\lm_test\target\test-classes;C:\Users\YH\IdeaProjects\lm_test\target\classes;D:\maven\apache-maven-3.6.1\m2\repo\log4j\log4j\1.2.17\log4j-1.2.17.jar;D:\maven\apache-maven-3.6.1\m2\repo\dom4j\dom4j\1.6.1\dom4j-1.6.1.jar;D:\maven\apache-maven-3.6.1\m2\repo\com\jayway\jsonpath\json-path\2.3.0\json-path-2.3.0.jar;D:\maven\apache-maven-3.6.1\m2\repo\net\minidev\json-smart\2.3\json-smart-2.3.jar;D:\maven\apache-maven-3.6.1\m2\repo\net\minidev\accessors-smart\1.2\accessors-smart-1.2.jar;D:\maven\apache-maven-3.6.1\m2\repo\org\ow2\asm\asm\5.0.4\asm-5.0.4.jar;D:\maven\apache-maven-3.6.1\m2\repo\org\slf4j\slf4j-api\1.7.25\slf4j-api-1.7.25.jar;D:\maven\apache-maven-3.6.1\m2\repo\mysql\mysql-connector-java\5.1.38\mysql-connector-java-5.1.38.jar;D:\maven\apache-maven-3.6.1\m2\repo\org\testng\testng\6.9.10\testng-6.9.10.jar;D:\maven\apache-maven-3.6.1\m2\repo\com\beust\jcommander\1.48\jcommander-1.48.jar;D:\maven\apache-maven-3.6.1\m2\repo\org\beanshell\bsh\2.0b4\bsh-2.0b4.jar;D:\maven\apache-maven-3.6.1\m2\repo\xml-apis\xml-apis\1.4.01\xml-apis-1.4.01.jar;D:\maven\apache-maven-3.6.1\m2\repo\org\apache\httpcomponents\httpclient\4.5.2\httpclient-4.5.2.jar;D:\maven\apache-maven-3.6.1\m2\repo\org\apache\httpcomponents\httpcore\4.4.4\httpcore-4.4.4.jar;D:\maven\apache-maven-3.6.1\m2\repo\commons-logging\commons-logging\1.2\commons-logging-1.2.jar;D:\maven\apache-maven-3.6.1\m2\repo\commons-codec\commons-codec\1.9\commons-codec-1.9.jar;D:\maven\apache-maven-3.6.1\m2\repo\org\apache\poi\poi-ooxml\3.15\poi-ooxml-3.15.jar;D:\maven\apache-maven-3.6.1\m2\repo\org\apache\poi\poi\3.15\poi-3.15.jar;D:\maven\apache-maven-3.6.1\m2\repo\org\apache\commons\commons-collections4\4.1\commons-collections4-4.1.jar;D:\maven\apache-maven-3.6.1\m2\repo\org\apache\poi\poi-ooxml-schemas\3.15\poi-ooxml-schemas-3.15.jar;D:\maven\apache-maven-3.6.1\m2\repo\org\apache\xmlbeans\xmlbeans\2.6.0\xmlbeans-2.6.0.jar;D:\maven\apache-maven-3.6.1\m2\repo\stax\stax-api\1.0.1\stax-api-1.0.1.jar;D:\maven\apache-maven-3.6.1\m2\repo\com\github\virtuald\curvesapi\1.04\curvesapi-1.04.jar;D:\maven\apache-maven-3.6.1\m2\repo\com\alibaba\fastjson\1.2.44\fastjson-1.2.44.jar;D:\maven\apache-maven-3.6.1\m2\repo\org\seleniumhq\selenium\selenium-java\2.53.1\selenium-java-2.53.1.jar;D:\maven\apache-maven-3.6.1\m2\repo\org\seleniumhq\selenium\selenium-chrome-driver\2.53.1\selenium-chrome-driver-2.53.1.jar;D:\maven\apache-maven-3.6.1\m2\repo\org\seleniumhq\selenium\selenium-remote-driver\2.53.1\selenium-remote-driver-2.53.1.jar;D:\maven\apache-maven-3.6.1\m2\repo\cglib\cglib-nodep\2.1_3\cglib-nodep-2.1_3.jar;D:\maven\apache-maven-3.6.1\m2\repo\com\google\code\gson\gson\2.3.1\gson-2.3.1.jar;D:\maven\apache-maven-3.6.1\m2\repo\org\seleniumhq\selenium\selenium-api\2.53.1\selenium-api-2.53.1.jar;D:\maven\apache-maven-3.6.1\m2\repo\com\google\guava\guava\19.0\guava-19.0.jar;D:\maven\apache-maven-3.6.1\m2\repo\org\seleniumhq\selenium\selenium-edge-driver\2.53.1\selenium-edge-driver-2.53.1.jar;D:\maven\apache-maven-3.6.1\m2\repo\commons-io\commons-io\2.4\commons-io-2.4.jar;D:\maven\apache-maven-3.6.1\m2\repo\org\apache\commons\commons-exec\1.3\commons-exec-1.3.jar;D:\maven\apache-maven-3.6.1\m2\repo\org\seleniumhq\selenium\htmlunit-driver\2.21\htmlunit-driver-2.21.jar;D:\maven\apache-maven-3.6.1\m2\repo\net\sourceforge\htmlunit\htmlunit\2.21\htmlunit-2.21.jar;D:\maven\apache-maven-3.6.1\m2\repo\xalan\xalan\2.7.2\xalan-2.7.2.jar;D:\maven\apache-maven-3.6.1\m2\repo\xalan\serializer\2.7.2\serializer-2.7.2.jar;D:\maven\apache-maven-3.6.1\m2\repo\org\apache\commons\commons-lang3\3.4\commons-lang3-3.4.jar;D:\maven\apache-maven-3.6.1\m2\repo\org\apache\httpcomponents\httpmime\4.5.2\httpmime-4.5.2.jar;D:\maven\apache-maven-3.6.1\m2\repo\net\sourceforge\htmlunit\htmlunit-core-js\2.17\htmlunit-core-js-2.17.jar;D:\maven\apache-maven-3.6.1\m2\repo\net\sourceforge\htmlunit\neko-htmlunit\2.21\neko-htmlunit-2.21.jar;D:\maven\apache-maven-3.6.1\m2\repo\xerces\xercesImpl\2.11.0\xercesImpl-2.11.0.jar;D:\maven\apache-maven-3.6.1\m2\repo\net\sourceforge\cssparser\cssparser\0.9.18\cssparser-0.9.18.jar;D:\maven\apache-maven-3.6.1\m2\repo\org\w3c\css\sac\1.3\sac-1.3.jar;D:\maven\apache-maven-3.6.1\m2\repo\org\eclipse\jetty\websocket\websocket-client\9.2.15.v20160210\websocket-client-9.2.15.v20160210.jar;D:\maven\apache-maven-3.6.1\m2\repo\org\eclipse\jetty\jetty-util\9.2.15.v20160210\jetty-util-9.2.15.v20160210.jar;D:\maven\apache-maven-3.6.1\m2\repo\org\eclipse\jetty\jetty-io\9.2.15.v20160210\jetty-io-9.2.15.v20160210.jar;D:\maven\apache-maven-3.6.1\m2\repo\org\eclipse\jetty\websocket\websocket-common\9.2.15.v20160210\websocket-common-9.2.15.v20160210.jar;D:\maven\apache-maven-3.6.1\m2\repo\org\eclipse\jetty\websocket\websocket-api\9.2.15.v20160210\websocket-api-9.2.15.v20160210.jar;D:\maven\apache-maven-3.6.1\m2\repo\commons-collections\commons-collections\3.2.2\commons-collections-3.2.2.jar;D:\maven\apache-maven-3.6.1\m2\repo\org\seleniumhq\selenium\selenium-firefox-driver\2.53.1\selenium-firefox-driver-2.53.1.jar;D:\maven\apache-maven-3.6.1\m2\repo\org\seleniumhq\selenium\selenium-ie-driver\2.53.1\selenium-ie-driver-2.53.1.jar;D:\maven\apache-maven-3.6.1\m2\repo\net\java\dev\jna\jna\4.1.0\jna-4.1.0.jar;D:\maven\apache-maven-3.6.1\m2\repo\net\java\dev\jna\jna-platform\4.1.0\jna-platform-4.1.0.jar;D:\maven\apache-maven-3.6.1\m2\repo\org\seleniumhq\selenium\selenium-safari-driver\2.53.1\selenium-safari-driver-2.53.1.jar;D:\maven\apache-maven-3.6.1\m2\repo\io\netty\netty\3.5.7.Final\netty-3.5.7.Final.jar;D:\maven\apache-maven-3.6.1\m2\repo\org\seleniumhq\selenium\selenium-support\2.53.1\selenium-support-2.53.1.jar;D:\maven\apache-maven-3.6.1\m2\repo\org\seleniumhq\selenium\selenium-leg-rc\2.53.1\selenium-leg-rc-2.53.1.jar;D:\maven\apache-maven-3.6.1\m2\repo\org\uncommons\reportng\1.1.4\reportng-1.1.4.jar;D:\maven\apache-maven-3.6.1\m2\repo\velocity\velocity\1.4\velocity-1.4.jar;D:\maven\apache-maven-3.6.1\m2\repo\velocity\velocity-dep\1.4\velocity-dep-1.4.jar;D:\maven\apache-maven-3.6.1\m2\repo\com\google\inject\guice\3.0\guice-3.0.jar;D:\maven\apache-maven-3.6.1\m2\repo\javax\inject\javax.inject\1\javax.inject-1.jar;D:\maven\apache-maven-3.6.1\m2\repo\aopalliance\aopalliance\1.0\aopalliance-1.0.jar;"/>
    <property name="java.specification.name" value="Java Platform API Specification"/>
    <property name="java.class.version" value="52.0"/>
    <property name="sun.management.compiler" value="HotSpot 64-Bit Tiered Compilers"/>
    <property name="maven.repo.local" value="D:\maven\apache-maven-3.6.1\m2\repo"/>
    <property name="os.version" value="10.0"/>
    <property name="idea.version2019.3.1" value="true"/>
    <property name="user.home" value="C:\Users\YH"/>
    <property name="user.timezone" value="Asia/Shanghai"/>
    <property name="java.awt.printerjob" value="sun.awt.windows.WPrinterJob"/>
    <property name="java.specification.version" value="1.8"/>
    <property name="file.encoding" value="UTF-8"/>
    <property name="user.name" value="YH"/>
    <property name="java.class.path" value="C:\Users\YH\IdeaProjects\lm_test\target\test-classes;C:\Users\YH\IdeaProjects\lm_test\target\classes;D:\maven\apache-maven-3.6.1\m2\repo\log4j\log4j\1.2.17\log4j-1.2.17.jar;D:\maven\apache-maven-3.6.1\m2\repo\dom4j\dom4j\1.6.1\dom4j-1.6.1.jar;D:\maven\apache-maven-3.6.1\m2\repo\com\jayway\jsonpath\json-path\2.3.0\json-path-2.3.0.jar;D:\maven\apache-maven-3.6.1\m2\repo\net\minidev\json-smart\2.3\json-smart-2.3.jar;D:\maven\apache-maven-3.6.1\m2\repo\net\minidev\accessors-smart\1.2\accessors-smart-1.2.jar;D:\maven\apache-maven-3.6.1\m2\repo\org\ow2\asm\asm\5.0.4\asm-5.0.4.jar;D:\maven\apache-maven-3.6.1\m2\repo\org\slf4j\slf4j-api\1.7.25\slf4j-api-1.7.25.jar;D:\maven\apache-maven-3.6.1\m2\repo\mysql\mysql-connector-java\5.1.38\mysql-connector-java-5.1.38.jar;D:\maven\apache-maven-3.6.1\m2\repo\org\testng\testng\6.9.10\testng-6.9.10.jar;D:\maven\apache-maven-3.6.1\m2\repo\com\beust\jcommander\1.48\jcommander-1.48.jar;D:\maven\apache-maven-3.6.1\m2\repo\org\beanshell\bsh\2.0b4\bsh-2.0b4.jar;D:\maven\apache-maven-3.6.1\m2\repo\xml-apis\xml-apis\1.4.01\xml-apis-1.4.01.jar;D:\maven\apache-maven-3.6.1\m2\repo\org\apache\httpcomponents\httpclient\4.5.2\httpclient-4.5.2.jar;D:\maven\apache-maven-3.6.1\m2\repo\org\apache\httpcomponents\httpcore\4.4.4\httpcore-4.4.4.jar;D:\maven\apache-maven-3.6.1\m2\repo\commons-logging\commons-logging\1.2\commons-logging-1.2.jar;D:\maven\apache-maven-3.6.1\m2\repo\commons-codec\commons-codec\1.9\commons-codec-1.9.jar;D:\maven\apache-maven-3.6.1\m2\repo\org\apache\poi\poi-ooxml\3.15\poi-ooxml-3.15.jar;D:\maven\apache-maven-3.6.1\m2\repo\org\apache\poi\poi\3.15\poi-3.15.jar;D:\maven\apache-maven-3.6.1\m2\repo\org\apache\commons\commons-collections4\4.1\commons-collections4-4.1.jar;D:\maven\apache-maven-3.6.1\m2\repo\org\apache\poi\poi-ooxml-schemas\3.15\poi-ooxml-schemas-3.15.jar;D:\maven\apache-maven-3.6.1\m2\repo\org\apache\xmlbeans\xmlbeans\2.6.0\xmlbeans-2.6.0.jar;D:\maven\apache-maven-3.6.1\m2\repo\stax\stax-api\1.0.1\stax-api-1.0.1.jar;D:\maven\apache-maven-3.6.1\m2\repo\com\github\virtuald\curvesapi\1.04\curvesapi-1.04.jar;D:\maven\apache-maven-3.6.1\m2\repo\com\alibaba\fastjson\1.2.44\fastjson-1.2.44.jar;D:\maven\apache-maven-3.6.1\m2\repo\org\seleniumhq\selenium\selenium-java\2.53.1\selenium-java-2.53.1.jar;D:\maven\apache-maven-3.6.1\m2\repo\org\seleniumhq\selenium\selenium-chrome-driver\2.53.1\selenium-chrome-driver-2.53.1.jar;D:\maven\apache-maven-3.6.1\m2\repo\org\seleniumhq\selenium\selenium-remote-driver\2.53.1\selenium-remote-driver-2.53.1.jar;D:\maven\apache-maven-3.6.1\m2\repo\cglib\cglib-nodep\2.1_3\cglib-nodep-2.1_3.jar;D:\maven\apache-maven-3.6.1\m2\repo\com\google\code\gson\gson\2.3.1\gson-2.3.1.jar;D:\maven\apache-maven-3.6.1\m2\repo\org\seleniumhq\selenium\selenium-api\2.53.1\selenium-api-2.53.1.jar;D:\maven\apache-maven-3.6.1\m2\repo\com\google\guava\guava\19.0\guava-19.0.jar;D:\maven\apache-maven-3.6.1\m2\repo\org\seleniumhq\selenium\selenium-edge-driver\2.53.1\selenium-edge-driver-2.53.1.jar;D:\maven\apache-maven-3.6.1\m2\repo\commons-io\commons-io\2.4\commons-io-2.4.jar;D:\maven\apache-maven-3.6.1\m2\repo\org\apache\commons\commons-exec\1.3\commons-exec-1.3.jar;D:\maven\apache-maven-3.6.1\m2\repo\org\seleniumhq\selenium\htmlunit-driver\2.21\htmlunit-driver-2.21.jar;D:\maven\apache-maven-3.6.1\m2\repo\net\sourceforge\htmlunit\htmlunit\2.21\htmlunit-2.21.jar;D:\maven\apache-maven-3.6.1\m2\repo\xalan\xalan\2.7.2\xalan-2.7.2.jar;D:\maven\apache-maven-3.6.1\m2\repo\xalan\serializer\2.7.2\serializer-2.7.2.jar;D:\maven\apache-maven-3.6.1\m2\repo\org\apache\commons\commons-lang3\3.4\commons-lang3-3.4.jar;D:\maven\apache-maven-3.6.1\m2\repo\org\apache\httpcomponents\httpmime\4.5.2\httpmime-4.5.2.jar;D:\maven\apache-maven-3.6.1\m2\repo\net\sourceforge\htmlunit\htmlunit-core-js\2.17\htmlunit-core-js-2.17.jar;D:\maven\apache-maven-3.6.1\m2\repo\net\sourceforge\htmlunit\neko-htmlunit\2.21\neko-htmlunit-2.21.jar;D:\maven\apache-maven-3.6.1\m2\repo\xerces\xercesImpl\2.11.0\xercesImpl-2.11.0.jar;D:\maven\apache-maven-3.6.1\m2\repo\net\sourceforge\cssparser\cssparser\0.9.18\cssparser-0.9.18.jar;D:\maven\apache-maven-3.6.1\m2\repo\org\w3c\css\sac\1.3\sac-1.3.jar;D:\maven\apache-maven-3.6.1\m2\repo\org\eclipse\jetty\websocket\websocket-client\9.2.15.v20160210\websocket-client-9.2.15.v20160210.jar;D:\maven\apache-maven-3.6.1\m2\repo\org\eclipse\jetty\jetty-util\9.2.15.v20160210\jetty-util-9.2.15.v20160210.jar;D:\maven\apache-maven-3.6.1\m2\repo\org\eclipse\jetty\jetty-io\9.2.15.v20160210\jetty-io-9.2.15.v20160210.jar;D:\maven\apache-maven-3.6.1\m2\repo\org\eclipse\jetty\websocket\websocket-common\9.2.15.v20160210\websocket-common-9.2.15.v20160210.jar;D:\maven\apache-maven-3.6.1\m2\repo\org\eclipse\jetty\websocket\websocket-api\9.2.15.v20160210\websocket-api-9.2.15.v20160210.jar;D:\maven\apache-maven-3.6.1\m2\repo\commons-collections\commons-collections\3.2.2\commons-collections-3.2.2.jar;D:\maven\apache-maven-3.6.1\m2\repo\org\seleniumhq\selenium\selenium-firefox-driver\2.53.1\selenium-firefox-driver-2.53.1.jar;D:\maven\apache-maven-3.6.1\m2\repo\org\seleniumhq\selenium\selenium-ie-driver\2.53.1\selenium-ie-driver-2.53.1.jar;D:\maven\apache-maven-3.6.1\m2\repo\net\java\dev\jna\jna\4.1.0\jna-4.1.0.jar;D:\maven\apache-maven-3.6.1\m2\repo\net\java\dev\jna\jna-platform\4.1.0\jna-platform-4.1.0.jar;D:\maven\apache-maven-3.6.1\m2\repo\org\seleniumhq\selenium\selenium-safari-driver\2.53.1\selenium-safari-driver-2.53.1.jar;D:\maven\apache-maven-3.6.1\m2\repo\io\netty\netty\3.5.7.Final\netty-3.5.7.Final.jar;D:\maven\apache-maven-3.6.1\m2\repo\org\seleniumhq\selenium\selenium-support\2.53.1\selenium-support-2.53.1.jar;D:\maven\apache-maven-3.6.1\m2\repo\org\seleniumhq\selenium\selenium-leg-rc\2.53.1\selenium-leg-rc-2.53.1.jar;D:\maven\apache-maven-3.6.1\m2\repo\org\uncommons\reportng\1.1.4\reportng-1.1.4.jar;D:\maven\apache-maven-3.6.1\m2\repo\velocity\velocity\1.4\velocity-1.4.jar;D:\maven\apache-maven-3.6.1\m2\repo\velocity\velocity-dep\1.4\velocity-dep-1.4.jar;D:\maven\apache-maven-3.6.1\m2\repo\com\google\inject\guice\3.0\guice-3.0.jar;D:\maven\apache-maven-3.6.1\m2\repo\javax\inject\javax.inject\1\javax.inject-1.jar;D:\maven\apache-maven-3.6.1\m2\repo\aopalliance\aopalliance\1.0\aopalliance-1.0.jar;"/>
    <property name="java.vm.specification.version" value="1.8"/>
    <property name="sun.arch.data.model" value="64"/>
    <property name="java.home" value="C:\Program Files\Java\jdk1.8.0_161\jre"/>
    <property name="sun.java.command" value="C:\Users\YH\IdeaProjects\lm_test\target\surefire\surefirebooter843716177164986751.jar C:\Users\YH\IdeaProjects\lm_test\target\surefire\surefire833533791754263244tmp C:\Users\YH\IdeaProjects\lm_test\target\surefire\surefire5395488736080605391tmp"/>
    <property name="java.specification.vendor" value="Oracle Corporation"/>
    <property name="user.language" value="zh"/>
    <property name="awt.toolkit" value="sun.awt.windows.WToolkit"/>
    <property name="java.vm.info" value="mixed mode"/>
    <property name="java.version" value="1.8.0_161"/>
    <property name="java.ext.dirs" value="C:\Program Files\Java\jdk1.8.0_161\jre\lib\ext;C:\Windows\Sun\Java\lib\ext"/>
    <property name="sun.boot.class.path" value="C:\Program Files\Java\jdk1.8.0_161\jre\lib\resources.jar;C:\Program Files\Java\jdk1.8.0_161\jre\lib\rt.jar;C:\Program Files\Java\jdk1.8.0_161\jre\lib\sunrsasign.jar;C:\Program Files\Java\jdk1.8.0_161\jre\lib\jsse.jar;C:\Program Files\Java\jdk1.8.0_161\jre\lib\jce.jar;C:\Program Files\Java\jdk1.8.0_161\jre\lib\charsets.jar;C:\Program Files\Java\jdk1.8.0_161\jre\lib\jfr.jar;C:\Program Files\Java\jdk1.8.0_161\jre\classes"/>
    <property name="java.vendor" value="Oracle Corporation"/>
    <property name="org.uncommons.reportng.escape-output" value="false"/>
    <property name="localRepository" value="D:\maven\apache-maven-3.6.1\m2\repo"/>
    <property name="file.separator" value="\"/>
    <property name="java.vendor.url.bug" value="http://bugreport.sun.com/bugreport/"/>
    <property name="sun.cpu.endian" value="little"/>
    <property name="sun.io.unicode.encoding" value="UnicodeLittle"/>
    <property name="sun.desktop" value="windows"/>
    <property name="sun.cpu.isalist" value="amd64"/>
  </properties>
  <testcase classname="com.kola.interface_auto.test.lesson53.testCase.TestCase" name="testPost" time="2.422"/>
  <testcase classname="com.kola.interface_auto.test.lesson53.testCase.TestCase" name="testPost" time="0.861"/>
  <testcase classname="com.kola.interface_auto.test.lesson53.testCase.TestCase" name="testPost" time="0.09"/>
  <testcase classname="com.kola.interface_auto.test.lesson53.testCase.TestCase" name="testPost" time="0.104"/>
</testsuite>